pi@raspberrypi:~ $ ls
Desktop    master.zip            myfiles   Pictures  python_games  tools
Documents  mjpg-streamer-master  myfiles2  Public    SmartCar      Videos
Downloads  Music                 myfiles3  python    Templates
pi@raspberrypi:~ $ cd myfiles
pi@raspberrypi:~/myfiles $ ls
亦庭奖状.xls
pi@raspberrypi:~/myfiles $ cd ..
pi@raspberrypi:~ $ ls
Desktop    master.zip            myfiles   Pictures  python_games  tools
Documents  mjpg-streamer-master  myfiles2  Public    SmartCar      Videos
Downloads  Music                 myfiles3  python    Templates
pi@raspberrypi:~ $ cd SmartCar
pi@raspberrypi:~/SmartCar $ gpio -v
gpio version: 2.44
Copyright (c) 2012-2017 Gordon Henderson
This is free software with ABSOLUTELY NO WARRANTY.
For details type: gpio -warranty

Raspberry Pi Details:
  Type: Unknown13, Revision: 03, Memory: 1024MB, Maker: Sony [Out of Warranty]
  * Device tree is enabled.
  *--> Raspberry Pi 3 Model B Plus Rev 1.3
  * This Raspberry Pi supports user-level GPIO access.
